Determining if the pthread_create exist failed with the following output:
Change Dir: /home/luis/Documents/Arquitectura_Puzzlebot_Vision/build/CMakeFiles/CMakeTmp

Run Build Command:"/usr/bin/make" "cmTC_52219/fast"
/usr/bin/make -f CMakeFiles/cmTC_52219.dir/build.make CMakeFiles/cmTC_52219.dir/build
make[1]: Entering directory '/home/luis/Documents/Arquitectura_Puzzlebot_Vision/build/CMakeFiles/CMakeTmp'
Building C object CMakeFiles/cmTC_52219.dir/CheckSymbolExists.c.o
/usr/bin/cc    -o CMakeFiles/cmTC_52219.dir/CheckSymbolExists.c.o   -c /home/luis/Documents/Arquitectura_Puzzlebot_Vision/build/CMakeFiles/CMakeTmp/CheckSymbolExists.c
Linking C executable cmTC_52219
/usr/bin/cmake -E cmake_link_script CMakeFiles/cmTC_52219.dir/link.txt --verbose=1
/usr/bin/cc      -rdynamic CMakeFiles/cmTC_52219.dir/CheckSymbolExists.c.o  -o cmTC_52219 
CMakeFiles/cmTC_52219.dir/CheckSymbolExists.c.o: In function `main':
CheckSymbolExists.c:(.text+0x1b): undefined reference to `pthread_create'
collect2: error: ld returned 1 exit status
CMakeFiles/cmTC_52219.dir/build.make:97: recipe for target 'cmTC_52219' failed
make[1]: *** [cmTC_52219] Error 1
make[1]: Leaving directory '/home/luis/Documents/Arquitectura_Puzzlebot_Vision/build/CMakeFiles/CMakeTmp'
Makefile:126: recipe for target 'cmTC_52219/fast' failed
make: *** [cmTC_52219/fast] Error 2

File /home/luis/Documents/Arquitectura_Puzzlebot_Vision/build/CMakeFiles/CMakeTmp/CheckSymbolExists.c:
/* */
#include <pthread.h>

int main(int argc, char** argv)
{
  (void)argv;
#ifndef pthread_create
  return ((int*)(&pthread_create))[argc];
#else
  (void)argc;
  return 0;
#endif
}

Determining if the function pthread_create exists in the pthreads failed with the following output:
Change Dir: /home/luis/Documents/Arquitectura_Puzzlebot_Vision/build/CMakeFiles/CMakeTmp

Run Build Command:"/usr/bin/make" "cmTC_2a2ff/fast"
/usr/bin/make -f CMakeFiles/cmTC_2a2ff.dir/build.make CMakeFiles/cmTC_2a2ff.dir/build
make[1]: Entering directory '/home/luis/Documents/Arquitectura_Puzzlebot_Vision/build/CMakeFiles/CMakeTmp'
Building C object CMakeFiles/cmTC_2a2ff.dir/CheckFunctionExists.c.o
/usr/bin/cc   -DCHECK_FUNCTION_EXISTS=pthread_create   -o CMakeFiles/cmTC_2a2ff.dir/CheckFunctionExists.c.o   -c /usr/share/cmake-3.10/Modules/CheckFunctionExists.c
Linking C executable cmTC_2a2ff
/usr/bin/cmake -E cmake_link_script CMakeFiles/cmTC_2a2ff.dir/link.txt --verbose=1
/usr/bin/cc  -DCHECK_FUNCTION_EXISTS=pthread_create    -rdynamic CMakeFiles/cmTC_2a2ff.dir/CheckFunctionExists.c.o  -o cmTC_2a2ff -lpthreads 
/usr/bin/ld: cannot find -lpthreads
collect2: error: ld returned 1 exit status
CMakeFiles/cmTC_2a2ff.dir/build.make:97: recipe for target 'cmTC_2a2ff' failed
make[1]: *** [cmTC_2a2ff] Error 1
make[1]: Leaving directory '/home/luis/Documents/Arquitectura_Puzzlebot_Vision/build/CMakeFiles/CMakeTmp'
Makefile:126: recipe for target 'cmTC_2a2ff/fast' failed
make: *** [cmTC_2a2ff/fast] Error 2


